<?xml version="1.0" encoding="utf-8"?><testsuites name="pytest tests"><testsuite name="pytest" errors="0" failures="0" skipped="0" tests="38" time="13.685" timestamp="2026-02-17T03:52:26.455967+00:00" hostname="agent-env-b31d1333-8858-47b8-9f54-3073bea7f10f"><testcase classname="backend.tests.test_kantik_api.TestHealth" name="test_health_endpoint" time="0.218" /><testcase classname="backend.tests.test_kantik_api.TestHealth" name="test_api_root" time="0.163" /><testcase classname="backend.tests.test_kantik_api.TestAuthentication" name="test_register_new_user" time="0.520" /><testcase classname="backend.tests.test_kantik_api.TestAuthentication" name="test_register_duplicate_email" time="0.545" /><testcase classname="backend.tests.test_kantik_api.TestAuthentication" name="test_login_existing_user" time="0.336" /><testcase classname="backend.tests.test_kantik_api.TestAuthentication" name="test_login_invalid_credentials" time="0.137" /><testcase classname="backend.tests.test_kantik_api.TestAuthentication" name="test_get_me_authenticated" time="0.490" /><testcase classname="backend.tests.test_kantik_api.TestAuthentication" name="test_get_me_unauthenticated" time="0.125" /><testcase classname="backend.tests.test_kantik_api.TestSongs" name="test_get_all_songs" time="0.133" /><testcase classname="backend.tests.test_kantik_api.TestSongs" name="test_get_songs_with_search" time="0.111" /><testcase classname="backend.tests.test_kantik_api.TestSongs" name="test_get_songs_with_filter_language" time="0.162" /><testcase classname="backend.tests.test_kantik_api.TestSongs" name="test_get_songs_with_filter_tier" time="0.253" /><testcase classname="backend.tests.test_kantik_api.TestSongs" name="test_get_songs_sorted_by_number" time="0.229" /><testcase classname="backend.tests.test_kantik_api.TestSongs" name="test_get_featured_songs" time="0.162" /><testcase classname="backend.tests.test_kantik_api.TestSongs" name="test_get_single_song" time="0.329" /><testcase classname="backend.tests.test_kantik_api.TestSongs" name="test_get_song_not_found" time="0.118" /><testcase classname="backend.tests.test_kantik_api.TestSongs" name="test_get_song_preview_status" time="0.260" /><testcase classname="backend.tests.test_kantik_api.TestPlaylists" name="test_get_playlists_unauthenticated" time="0.108" /><testcase classname="backend.tests.test_kantik_api.TestPlaylists" name="test_get_playlists_authenticated" time="0.473" /><testcase classname="backend.tests.test_kantik_api.TestPlaylists" name="test_create_playlist" time="0.611" /><testcase classname="backend.tests.test_kantik_api.TestPlaylists" name="test_create_and_verify_playlist" time="0.808" /><testcase classname="backend.tests.test_kantik_api.TestPlaylists" name="test_add_song_to_playlist" time="1.285" /><testcase classname="backend.tests.test_kantik_api.TestPlaylists" name="test_delete_playlist" time="1.215" /><testcase classname="backend.tests.test_kantik_api.TestTeams" name="test_get_my_team_unauthenticated" time="0.140" /><testcase classname="backend.tests.test_kantik_api.TestTeams" name="test_get_my_team_free_user" time="0.509" /><testcase classname="backend.tests.test_kantik_api.TestTeams" name="test_create_team_without_team_plan" time="0.489" /><testcase classname="backend.tests.test_kantik_api.TestPayments" name="test_get_payments_unauthenticated" time="0.136" /><testcase classname="backend.tests.test_kantik_api.TestPayments" name="test_get_my_payments" time="0.480" /><testcase classname="backend.tests.test_kantik_api.TestPayments" name="test_create_payment" time="0.503" /><testcase classname="backend.tests.test_kantik_api.TestAdminSetup" name="test_setup_first_admin_invalid_token" time="0.300" /><testcase classname="backend.tests.test_kantik_api.TestAdminSetup" name="test_setup_first_admin_nonexistent_user" time="0.113" /><testcase classname="backend.tests.test_kantik_api.TestAdminEndpoints" name="test_admin_stats_without_auth" time="0.116" /><testcase classname="backend.tests.test_kantik_api.TestAdminEndpoints" name="test_admin_stats_without_admin_role" time="0.459" /><testcase classname="backend.tests.test_kantik_api.TestAdminEndpoints" name="test_admin_payments_without_auth" time="0.127" /><testcase classname="backend.tests.test_kantik_api.TestAdminEndpoints" name="test_admin_users_without_auth" time="0.119" /><testcase classname="backend.tests.test_kantik_api.TestAdminEndpoints" name="test_admin_songs_without_auth" time="0.123" /><testcase classname="backend.tests.test_kantik_api.TestDownloadRestrictions" name="test_download_without_auth" time="0.394" /><testcase classname="backend.tests.test_kantik_api.TestDownloadRestrictions" name="test_download_free_user" time="0.686" /></testsuite></testsuites>